[    29.543] (--) Log file renamed from "/home/student/.local/share/xorg/Xorg.pid-904.log" to "/home/student/.local/share/xorg/Xorg.0.log"
[    29.544] 
X.Org X Server 1.19.6
Release Date: 2017-12-20
[    29.544] X Protocol Version 11, Revision 0
[    29.544] Build Operating System: Linux 4.4.0-119-generic x86_64 Ubuntu
[    29.544] Current Operating System: Linux student-VirtualBox 4.15.0-23-generic #25-Ubuntu SMP Wed May 23 18:02:16 UTC 2018 x86_64
[    29.544] Kernel command line: BOOT_IMAGE=/boot/vmlinuz-4.15.0-23-generic root=UUID=63ecf3e9-82ed-45a5-93d0-0a0b771084b0 ro quiet splash
[    29.544] Build Date: 13 April 2018  08:07:36PM
[    29.544] xorg-server 2:1.19.6-1ubuntu4 (For technical support please see http://www.ubuntu.com/support) 
[    29.544] Current version of pixman: 0.34.0
[    29.544] 	Before reporting problems, check http://wiki.x.org
	to make sure that you have the latest version.
[    29.544] Markers: (--) probed, (**) from config file, (==) default setting,
	(++) from command line, (!!) notice, (II) informational,
	(WW) warning, (EE) error, (NI) not implemented, (??) unknown.
[    29.544] (==) Log file: "/home/student/.local/share/xorg/Xorg.0.log", Time: Thu Jun 28 08:50:39 2018
[    29.556] (==) Using system config directory "/usr/share/X11/xorg.conf.d"
[    29.565] (==) No Layout section.  Using the first Screen section.
[    29.565] (==) No screen section available. Using defaults.
[    29.565] (**) |-->Screen "Default Screen Section" (0)
[    29.565] (**) |   |-->Monitor "<default monitor>"
[    29.566] (==) No monitor specified for screen "Default Screen Section".
	Using a default monitor configuration.
[    29.566] (==) Automatically adding devices
[    29.566] (==) Automatically enabling devices
[    29.566] (==) Automatically adding GPU devices
[    29.566] (==) Automatically binding GPU devices
[    29.566] (==) Max clients allowed: 256, resource mask: 0x1fffff
[    29.569] (WW) The directory "/usr/share/fonts/X11/cyrillic" does not exist.
[    29.569] 	Entry deleted from font path.
[    29.569] (WW) The directory "/usr/share/fonts/X11/100dpi/" does not exist.
[    29.569] 	Entry deleted from font path.
[    29.569] (WW) The directory "/usr/share/fonts/X11/75dpi/" does not exist.
[    29.569] 	Entry deleted from font path.
[    29.577] (WW) The directory "/usr/share/fonts/X11/100dpi" does not exist.
[    29.577] 	Entry deleted from font path.
[    29.577] (WW) The directory "/usr/share/fonts/X11/75dpi" does not exist.
[    29.577] 	Entry deleted from font path.
[    29.577] (==) FontPath set to:
	/usr/share/fonts/X11/misc,
	/usr/share/fonts/X11/Type1,
	built-ins
[    29.577] (==) ModulePath set to "/usr/lib/xorg/modules"
[    29.577] (II) The server relies on udev to provide the list of input devices.
	If no devices become available, reconfigure udev or disable AutoAddDevices.
[    29.578] (II) Loader magic: 0x55d23383f020
[    29.578] (II) Module ABI versions:
[    29.578] 	X.Org ANSI C Emulation: 0.4
[    29.578] 	X.Org Video Driver: 23.0
[    29.578] 	X.Org XInput driver : 24.1
[    29.578] 	X.Org Server Extension : 10.0
[    29.579] (++) using VT number 1

[    29.581] (II) systemd-logind: took control of session /org/freedesktop/login1/session/_31
[    29.581] (II) xfree86: Adding drm device (/dev/dri/card0)
[    29.583] (II) systemd-logind: got fd for /dev/dri/card0 226:0 fd 12 paused 0
[    29.584] (--) PCI:*(0:0:2:0) 80ee:beef:0000:0000 rev 0, Mem @ 0xe0000000/16777216, BIOS @ 0x????????/131072
[    29.585] (II) LoadModule: "glx"
[    29.590] (II) Loading /usr/lib/xorg/modules/extensions/libglx.so
[    29.671] (II) Module glx: vendor="X.Org Foundation"
[    29.671] 	compiled for 1.19.6, module version = 1.0.0
[    29.671] 	ABI class: X.Org Server Extension, version 10.0
[    29.671] (==) Matched vboxvideo as autoconfigured driver 0
[    29.671] (==) Matched vboxvideo as autoconfigured driver 1
[    29.671] (==) Matched modesetting as autoconfigured driver 2
[    29.671] (==) Matched fbdev as autoconfigured driver 3
[    29.671] (==) Matched vesa as autoconfigured driver 4
[    29.671] (==) Assigned the driver to the xf86ConfigLayout
[    29.671] (II) LoadModule: "vboxvideo"
[    29.671] (WW) Warning, couldn't open module vboxvideo
[    29.671] (II) UnloadModule: "vboxvideo"
[    29.671] (II) Unloading vboxvideo
[    29.671] (EE) Failed to load module "vboxvideo" (module does not exist, 0)
[    29.671] (II) LoadModule: "modesetting"
[    29.671] (II) Loading /usr/lib/xorg/modules/drivers/modesetting_drv.so
[    29.686] (II) Module modesetting: vendor="X.Org Foundation"
[    29.686] 	compiled for 1.19.6, module version = 1.19.6
[    29.686] 	Module class: X.Org Video Driver
[    29.686] 	ABI class: X.Org Video Driver, version 23.0
[    29.686] (II) LoadModule: "fbdev"
[    29.686] (II) Loading /usr/lib/xorg/modules/drivers/fbdev_drv.so
[    29.693] (II) Module fbdev: vendor="X.Org Foundation"
[    29.693] 	compiled for 1.19.3, module version = 0.4.4
[    29.693] 	Module class: X.Org Video Driver
[    29.693] 	ABI class: X.Org Video Driver, version 23.0
[    29.693] (II) LoadModule: "vesa"
[    29.693] (II) Loading /usr/lib/xorg/modules/drivers/vesa_drv.so
[    29.695] (II) Module vesa: vendor="X.Org Foundation"
[    29.695] 	compiled for 1.19.3, module version = 2.3.4
[    29.695] 	Module class: X.Org Video Driver
[    29.695] 	ABI class: X.Org Video Driver, version 23.0
[    29.695] (==) Matched vboxvideo as autoconfigured driver 0
[    29.695] (==) Matched vboxvideo as autoconfigured driver 1
[    29.695] (==) Matched modesetting as autoconfigured driver 2
[    29.695] (==) Matched fbdev as autoconfigured driver 3
[    29.695] (==) Matched vesa as autoconfigured driver 4
[    29.695] (==) Assigned the driver to the xf86ConfigLayout
[    29.695] (II) LoadModule: "vboxvideo"
[    29.695] (WW) Warning, couldn't open module vboxvideo
[    29.695] (II) UnloadModule: "vboxvideo"
[    29.695] (II) Unloading vboxvideo
[    29.695] (EE) Failed to load module "vboxvideo" (module does not exist, 0)
[    29.695] (II) LoadModule: "modesetting"
[    29.695] (II) Loading /usr/lib/xorg/modules/drivers/modesetting_drv.so
[    29.695] (II) Module modesetting: vendor="X.Org Foundation"
[    29.695] 	compiled for 1.19.6, module version = 1.19.6
[    29.695] 	Module class: X.Org Video Driver
[    29.695] 	ABI class: X.Org Video Driver, version 23.0
[    29.695] (II) UnloadModule: "modesetting"
[    29.695] (II) Unloading modesetting
[    29.695] (II) Failed to load module "modesetting" (already loaded, 0)
[    29.695] (II) LoadModule: "fbdev"
[    29.695] (II) Loading /usr/lib/xorg/modules/drivers/fbdev_drv.so
[    29.695] (II) Module fbdev: vendor="X.Org Foundation"
[    29.695] 	compiled for 1.19.3, module version = 0.4.4
[    29.695] 	Module class: X.Org Video Driver
[    29.695] 	ABI class: X.Org Video Driver, version 23.0
[    29.695] (II) UnloadModule: "fbdev"
[    29.695] (II) Unloading fbdev
[    29.695] (II) Failed to load module "fbdev" (already loaded, 0)
[    29.695] (II) LoadModule: "vesa"
[    29.695] (II) Loading /usr/lib/xorg/modules/drivers/vesa_drv.so
[    29.695] (II) Module vesa: vendor="X.Org Foundation"
[    29.695] 	compiled for 1.19.3, module version = 2.3.4
[    29.695] 	Module class: X.Org Video Driver
[    29.695] 	ABI class: X.Org Video Driver, version 23.0
[    29.695] (II) UnloadModule: "vesa"
[    29.695] (II) Unloading vesa
[    29.695] (II) Failed to load module "vesa" (already loaded, 0)
[    29.695] (II) modesetting: Driver for Modesetting Kernel Drivers: kms
[    29.695] (II) FBDEV: driver for framebuffer: fbdev
[    29.695] (II) VESA: driver for VESA chipsets: vesa
[    29.695] xf86EnableIOPorts: failed to set IOPL for I/O (Operation not permitted)
[    29.695] (II) modeset(0): using drv /dev/dri/card0
[    29.695] (WW) Falling back to old probe method for fbdev
[    29.695] (II) Loading sub module "fbdevhw"
[    29.695] (II) LoadModule: "fbdevhw"
[    29.695] (II) Loading /usr/lib/xorg/modules/libfbdevhw.so
[    29.704] (II) Module fbdevhw: vendor="X.Org Foundation"
[    29.704] 	compiled for 1.19.6, module version = 0.0.2
[    29.704] 	ABI class: X.Org Video Driver, version 23.0
[    29.704] (EE) open /dev/fb0: Permission denied
[    29.705] (WW) Falling back to old probe method for vesa
[    29.705] (WW) VGA arbiter: cannot open kernel arbiter, no multi-card support
[    29.705] (II) modeset(0): Creating default Display subsection in Screen section
	"Default Screen Section" for depth/fbbpp 24/32
[    29.705] (==) modeset(0): Depth 24, (==) framebuffer bpp 32
[    29.705] (==) modeset(0): RGB weight 888
[    29.705] (==) modeset(0): Default visual is TrueColor
[    29.705] (II) Loading sub module "glamoregl"
[    29.705] (II) LoadModule: "glamoregl"
[    29.705] (II) Loading /usr/lib/xorg/modules/libglamoregl.so
[    29.754] (II) Module glamoregl: vendor="X.Org Foundation"
[    29.754] 	compiled for 1.19.6, module version = 1.0.0
[    29.754] 	ABI class: X.Org ANSI C Emulation, version 0.4
[    29.754] (II) glamor: OpenGL accelerated X.org driver based.
[    31.392] (II) glamor: EGL version 1.4 (DRI2):
[    31.393] EGL_MESA_drm_image required.
[    31.399] (EE) modeset(0): glamor initialization failed
[    31.399] (II) modeset(0): ShadowFB: preferred NO, enabled NO
[    31.399] (II) modeset(0): Output VGA-1 has no monitor section
[    31.400] (II) modeset(0): EDID for output VGA-1
[    31.407] (II) modeset(0): Manufacturer: VBX  Model: 0  Serial#: 55444464
[    31.408] (II) modeset(0): Year: 1990  Week: 1
[    31.408] (II) modeset(0): EDID Version: 1.3
[    31.408] (II) modeset(0): Digital Display Input
[    31.408] (II) modeset(0): Indeterminate output size
[    31.408] (II) modeset(0): Gamma: 2.20
[    31.408] (II) modeset(0): DPMS capabilities: StandBy Suspend Off
[    31.408] (II) modeset(0): Supported color encodings: RGB 4:4:4 YCrCb 4:4:4 
[    31.408] (II) modeset(0): Default color space is primary color space
[    31.408] (II) modeset(0): First detailed timing is preferred mode
[    31.408] (II) modeset(0): redX: 0.640 redY: 0.330   greenX: 0.300 greenY: 0.600
[    31.408] (II) modeset(0): blueX: 0.150 blueY: 0.060   whiteX: 0.312 whiteY: 0.329
[    31.408] (II) modeset(0): Manufacturer's mask: 0
[    31.408] (II) modeset(0): Supported detailed timing:
[    31.408] (II) modeset(0): clock: 51.8 MHz   Image Size:  0 x 0 mm
[    31.408] (II) modeset(0): h_active: 1008  h_sync: 1010  h_sync_end 1012 h_blank_end 1014 h_border: 0
[    31.409] (II) modeset(0): v_active: 846  v_sync: 846  v_sync_end 880 v_blanking: 852 v_border: 0
[    31.409] (II) modeset(0): Ranges: V min: 0 V max: 200 Hz, H min: 0 H max: 200 kHz, PixClock max 1005 MHz
[    31.409] (II) modeset(0): Monitor name: VBOX monitor
[    31.409] (II) modeset(0): EDID (in hex):
[    31.409] (II) modeset(0): 	00ffffffffffff0058580000f0034e03
[    31.409] (II) modeset(0): 	0100010380000078eeee91a3544c9926
[    31.409] (II) modeset(0): 	0f505400000001010101010101010101
[    31.409] (II) modeset(0): 	0101010101013f14f006304e06300202
[    31.409] (II) modeset(0): 	0202000000000000000000fd0000c800
[    31.409] (II) modeset(0): 	c864000a202020202020000000fc0056
[    31.409] (II) modeset(0): 	424f58206d6f6e69746f720a00000010
[    31.409] (II) modeset(0): 	000a202020202020202020202020001c
[    31.409] (II) modeset(0): Printing probed modes for output VGA-1
[    31.409] (II) modeset(0): Modeline "1008x846"x60.0   69.96  1008 1064 1168 1328  846 849 859 878 -hsync +vsync (52.7 kHz P)
[    31.409] (II) modeset(0): Modeline "2560x1600"x60.0  348.50  2560 2752 3032 3504  1600 1603 1609 1658 -hsync +vsync (99.5 kHz e)
[    31.409] (II) modeset(0): Modeline "2560x1600"x60.0  268.50  2560 2608 2640 2720  1600 1603 1609 1646 +hsync -vsync (98.7 kHz e)
[    31.409] (II) modeset(0): Modeline "1920x1440"x60.0  234.00  1920 2048 2256 2600  1440 1441 1444 1500 -hsync +vsync (90.0 kHz e)
[    31.409] (II) modeset(0): Modeline "1856x1392"x60.0  218.25  1856 1952 2176 2528  1392 1393 1396 1439 -hsync +vsync (86.3 kHz e)
[    31.409] (II) modeset(0): Modeline "1792x1344"x60.0  204.75  1792 1920 2120 2448  1344 1345 1348 1394 -hsync +vsync (83.6 kHz e)
[    31.409] (II) modeset(0): Modeline "2048x1152"x60.0  162.00  2048 2074 2154 2250  1152 1153 1156 1200 +hsync +vsync (72.0 kHz e)
[    31.409] (II) modeset(0): Modeline "1920x1200"x59.9  193.25  1920 2056 2256 2592  1200 1203 1209 1245 -hsync +vsync (74.6 kHz e)
[    31.409] (II) modeset(0): Modeline "1920x1200"x60.0  154.00  1920 1968 2000 2080  1200 1203 1209 1235 +hsync -vsync (74.0 kHz e)
[    31.410] (II) modeset(0): Modeline "1920x1080"x60.0  148.50  1920 2008 2052 2200  1080 1084 1089 1125 -hsync -vsync (67.5 kHz e)
[    31.410] (II) modeset(0): Modeline "1600x1200"x60.0  162.00  1600 1664 1856 2160  1200 1201 1204 1250 +hsync +vsync (75.0 kHz e)
[    31.410] (II) modeset(0): Modeline "1680x1050"x60.0  146.25  1680 1784 1960 2240  1050 1053 1059 1089 -hsync +vsync (65.3 kHz e)
[    31.410] (II) modeset(0): Modeline "1680x1050"x59.9  119.00  1680 1728 1760 1840  1050 1053 1059 1080 +hsync -vsync (64.7 kHz e)
[    31.410] (II) modeset(0): Modeline "1400x1050"x60.0  121.75  1400 1488 1632 1864  1050 1053 1057 1089 -hsync +vsync (65.3 kHz e)
[    31.410] (II) modeset(0): Modeline "1400x1050"x59.9  101.00  1400 1448 1480 1560  1050 1053 1057 1080 +hsync -vsync (64.7 kHz e)
[    31.410] (II) modeset(0): Modeline "1600x900"x60.0  108.00  1600 1624 1704 1800  900 901 904 1000 +hsync +vsync (60.0 kHz e)
[    31.410] (II) modeset(0): Modeline "1280x1024"x60.0  108.00  1280 1328 1440 1688  1024 1025 1028 1066 +hsync +vsync (64.0 kHz e)
[    31.410] (II) modeset(0): Modeline "1440x900"x59.9  106.50  1440 1520 1672 1904  900 903 909 934 -hsync +vsync (55.9 kHz e)
[    31.410] (II) modeset(0): Modeline "1440x900"x59.9   88.75  1440 1488 1520 1600  900 903 909 926 +hsync -vsync (55.5 kHz e)
[    31.410] (II) modeset(0): Modeline "1280x960"x60.0  108.00  1280 1376 1488 1800  960 961 964 1000 +hsync +vsync (60.0 kHz e)
[    31.410] (II) modeset(0): Modeline "1366x768"x59.8   85.50  1366 1436 1579 1792  768 771 774 798 +hsync +vsync (47.7 kHz e)
[    31.410] (II) modeset(0): Modeline "1366x768"x60.0   72.00  1366 1380 1436 1500  768 769 772 800 +hsync +vsync (48.0 kHz e)
[    31.410] (II) modeset(0): Modeline "1360x768"x60.0   85.50  1360 1424 1536 1792  768 771 777 795 +hsync +vsync (47.7 kHz e)
[    31.410] (II) modeset(0): Modeline "1280x800"x59.8   83.50  1280 1352 1480 1680  800 803 809 831 -hsync +vsync (49.7 kHz e)
[    31.410] (II) modeset(0): Modeline "1280x800"x59.9   71.00  1280 1328 1360 1440  800 803 809 823 +hsync -vsync (49.3 kHz e)
[    31.410] (II) modeset(0): Modeline "1280x768"x59.9   79.50  1280 1344 1472 1664  768 771 778 798 -hsync +vsync (47.8 kHz e)
[    31.410] (II) modeset(0): Modeline "1280x768"x60.0   68.25  1280 1328 1360 1440  768 771 778 790 +hsync -vsync (47.4 kHz e)
[    31.410] (II) modeset(0): Modeline "1280x720"x60.0   74.25  1280 1390 1430 1650  720 725 730 750 +hsync +vsync (45.0 kHz e)
[    31.410] (II) modeset(0): Modeline "1024x768"x60.0   65.00  1024 1048 1184 1344  768 771 777 806 -hsync -vsync (48.4 kHz e)
[    31.410] (II) modeset(0): Modeline "800x600"x60.3   40.00  800 840 968 1056  600 601 605 628 +hsync +vsync (37.9 kHz e)
[    31.410] (II) modeset(0): Modeline "800x600"x56.2   36.00  800 824 896 1024  600 601 603 625 +hsync +vsync (35.2 kHz e)
[    31.410] (II) modeset(0): Modeline "848x480"x60.0   33.75  848 864 976 1088  480 486 494 517 +hsync +vsync (31.0 kHz e)
[    31.410] (II) modeset(0): Modeline "640x480"x59.9   25.18  640 656 752 800  480 490 492 525 -hsync -vsync (31.5 kHz e)
[    31.410] (II) modeset(0): Output VGA-1 connected
[    31.410] (II) modeset(0): Using exact sizes for initial modes
[    31.410] (II) modeset(0): Output VGA-1 using initial mode 1008x846 +0+0
[    31.410] (==) modeset(0): Using gamma correction (1.0, 1.0, 1.0)
[    31.410] (==) modeset(0): DPI set to (96, 96)
[    31.410] (II) Loading sub module "fb"
[    31.410] (II) LoadModule: "fb"
[    31.410] (II) Loading /usr/lib/xorg/modules/libfb.so
[    31.420] (II) Module fb: vendor="X.Org Foundation"
[    31.420] 	compiled for 1.19.6, module version = 1.0.0
[    31.420] 	ABI class: X.Org ANSI C Emulation, version 0.4
[    31.420] (II) UnloadModule: "fbdev"
[    31.420] (II) Unloading fbdev
[    31.420] (II) UnloadSubModule: "fbdevhw"
[    31.420] (II) Unloading fbdevhw
[    31.420] (II) UnloadModule: "vesa"
[    31.420] (II) Unloading vesa
[    31.421] (==) Depth 24 pixmap format is 32 bpp
[    31.425] (==) modeset(0): Backing store enabled
[    31.425] (==) modeset(0): Silken mouse enabled
[    31.426] (II) modeset(0): RandR 1.2 enabled, ignore the following RandR disabled message.
[    31.427] (==) modeset(0): DPMS enabled
[    31.427] (--) RandR disabled
[    31.433] (II) SELinux: Disabled on system
[    31.437] (II) AIGLX: Screen 0 is not DRI2 capable
[    31.437] (EE) AIGLX: reverting to software rendering
[    31.657] (II) IGLX: enabled GLX_MESA_copy_sub_buffer
[    31.660] (II) IGLX: Loaded and initialized swrast
[    31.660] (II) GLX: Initialized DRISWRAST GL provider for screen 0
[    31.661] (II) modeset(0): Damage tracking initialized
[    31.662] (II) modeset(0): Setting screen physical size to 266 x 223
[    32.067] (II) config/udev: Adding input device Power Button (/dev/input/event0)
[    32.067] (**) Power Button: Applying InputClass "libinput keyboard catchall"
[    32.067] (II) LoadModule: "libinput"
[    32.068] (II) Loading /usr/lib/xorg/modules/input/libinput_drv.so
[    32.108] (II) Module libinput: vendor="X.Org Foundation"
[    32.108] 	compiled for 1.19.6, module version = 0.27.1
[    32.108] 	Module class: X.Org XInput Driver
[    32.108] 	ABI class: X.Org XInput driver, version 24.1
[    32.108] (II) Using input driver 'libinput' for 'Power Button'
[    32.111] (II) systemd-logind: got fd for /dev/input/event0 13:64 fd 20 paused 0
[    32.111] (**) Power Button: always reports core events
[    32.111] (**) Option "Device" "/dev/input/event0"
[    32.111] (**) Option "_source" "server/udev"
[    32.111] (II) event0  - Power Button: is tagged by udev as: Keyboard
[    32.111] (II) event0  - Power Button: device is a keyboard
[    32.111] (II) event0  - Power Button: device removed
[    32.111] (**) Option "config_info" "udev:/sys/devices/LNXSYSTM:00/LNXPWRBN:00/input/input0/event0"
[    32.111] (II) XINPUT: Adding extended input device "Power Button" (type: KEYBOARD, id 6)
[    32.111] (**) Option "xkb_model" "pc105"
[    32.111] (**) Option "xkb_layout" "us"
[    32.112] (II) event0  - Power Button: is tagged by udev as: Keyboard
[    32.112] (II) event0  - Power Button: device is a keyboard
[    32.113] (II) config/udev: Adding input device Sleep Button (/dev/input/event1)
[    32.113] (**) Sleep Button: Applying InputClass "libinput keyboard catchall"
[    32.113] (II) Using input driver 'libinput' for 'Sleep Button'
[    32.115] (II) systemd-logind: got fd for /dev/input/event1 13:65 fd 23 paused 0
[    32.115] (**) Sleep Button: always reports core events
[    32.115] (**) Option "Device" "/dev/input/event1"
[    32.115] (**) Option "_source" "server/udev"
[    32.116] (II) event1  - Sleep Button: is tagged by udev as: Keyboard
[    32.116] (II) event1  - Sleep Button: device is a keyboard
[    32.116] (II) event1  - Sleep Button: device removed
[    32.116] (**) Option "config_info" "udev:/sys/devices/LNXSYSTM:00/LNXSLPBN:00/input/input1/event1"
[    32.116] (II) XINPUT: Adding extended input device "Sleep Button" (type: KEYBOARD, id 7)
[    32.116] (**) Option "xkb_model" "pc105"
[    32.117] (**) Option "xkb_layout" "us"
[    32.117] (II) event1  - Sleep Button: is tagged by udev as: Keyboard
[    32.117] (II) event1  - Sleep Button: device is a keyboard
[    32.118] (II) config/udev: Adding input device Video Bus (/dev/input/event3)
[    32.118] (**) Video Bus: Applying InputClass "libinput keyboard catchall"
[    32.118] (II) Using input driver 'libinput' for 'Video Bus'
[    32.120] (II) systemd-logind: got fd for /dev/input/event3 13:67 fd 24 paused 0
[    32.120] (**) Video Bus: always reports core events
[    32.120] (**) Option "Device" "/dev/input/event3"
[    32.120] (**) Option "_source" "server/udev"
[    32.122] (II) event3  - Video Bus: is tagged by udev as: Keyboard
[    32.122] (II) event3  - Video Bus: device is a keyboard
[    32.122] (II) event3  - Video Bus: device removed
[    32.122] (**) Option "config_info" "udev:/sys/devices/LNXSYSTM:00/LNXSYBUS:00/PNP0A03:00/LNXVIDEO:00/input/input4/event3"
[    32.122] (II) XINPUT: Adding extended input device "Video Bus" (type: KEYBOARD, id 8)
[    32.122] (**) Option "xkb_model" "pc105"
[    32.122] (**) Option "xkb_layout" "us"
[    32.124] (II) event3  - Video Bus: is tagged by udev as: Keyboard
[    32.124] (II) event3  - Video Bus: device is a keyboard
[    32.125] (II) config/udev: Adding input device VirtualBox mouse integration (/dev/input/event6)
[    32.125] (**) VirtualBox mouse integration: Applying InputClass "libinput pointer catchall"
[    32.125] (II) Using input driver 'libinput' for 'VirtualBox mouse integration'
[    32.126] (II) systemd-logind: got fd for /dev/input/event6 13:70 fd 25 paused 0
[    32.126] (**) VirtualBox mouse integration: always reports core events
[    32.126] (**) Option "Device" "/dev/input/event6"
[    32.127] (**) Option "_source" "server/udev"
[    32.127] (II) event6  - VirtualBox mouse integration: is tagged by udev as: Mouse
[    32.127] (II) event6  - VirtualBox mouse integration: device is a pointer
[    32.127] (II) event6  - VirtualBox mouse integration: device removed
[    32.127] (**) Option "config_info" "udev:/sys/devices/pci0000:00/0000:00:04.0/input/input7/event6"
[    32.127] (II) XINPUT: Adding extended input device "VirtualBox mouse integration" (type: MOUSE, id 9)
[    32.127] (**) Option "AccelerationScheme" "none"
[    32.128] (**) VirtualBox mouse integration: (accel) selected scheme none/0
[    32.128] (**) VirtualBox mouse integration: (accel) acceleration factor: 2.000
[    32.128] (**) VirtualBox mouse integration: (accel) acceleration threshold: 4
[    32.132] (II) event6  - VirtualBox mouse integration: is tagged by udev as: Mouse
[    32.132] (II) event6  - VirtualBox mouse integration: device is a pointer
[    32.132] (II) config/udev: Adding input device VirtualBox mouse integration (/dev/input/js1)
[    32.133] (II) No input driver specified, ignoring this device.
[    32.133] (II) This device may have been added with another device file.
[    32.133] (II) config/udev: Adding input device VirtualBox USB Tablet (/dev/input/event5)
[    32.133] (**) VirtualBox USB Tablet: Applying InputClass "libinput pointer catchall"
[    32.133] (II) Using input driver 'libinput' for 'VirtualBox USB Tablet'
[    32.192] (II) systemd-logind: got fd for /dev/input/event5 13:69 fd 26 paused 0
[    32.192] (**) VirtualBox USB Tablet: always reports core events
[    32.192] (**) Option "Device" "/dev/input/event5"
[    32.192] (**) Option "_source" "server/udev"
[    32.193] (II) event5  - VirtualBox USB Tablet: is tagged by udev as: Mouse
[    32.193] (II) event5  - VirtualBox USB Tablet: device is a pointer
[    32.193] (II) event5  - VirtualBox USB Tablet: device removed
[    32.193] (**) Option "config_info" "udev:/sys/devices/pci0000:00/0000:00:06.0/usb1/1-1/1-1:1.0/0003:80EE:0021.0001/input/input6/event5"
[    32.193] (II) XINPUT: Adding extended input device "VirtualBox USB Tablet" (type: MOUSE, id 10)
[    32.193] (**) Option "AccelerationScheme" "none"
[    32.193] (**) VirtualBox USB Tablet: (accel) selected scheme none/0
[    32.193] (**) VirtualBox USB Tablet: (accel) acceleration factor: 2.000
[    32.193] (**) VirtualBox USB Tablet: (accel) acceleration threshold: 4
[    32.193] (II) event5  - VirtualBox USB Tablet: is tagged by udev as: Mouse
[    32.193] (II) event5  - VirtualBox USB Tablet: device is a pointer
[    32.194] (II) config/udev: Adding input device VirtualBox USB Tablet (/dev/input/js0)
[    32.194] (II) No input driver specified, ignoring this device.
[    32.194] (II) This device may have been added with another device file.
[    32.194] (II) config/udev: Adding input device VirtualBox USB Tablet (/dev/input/mouse1)
[    32.194] (II) No input driver specified, ignoring this device.
[    32.194] (II) This device may have been added with another device file.
[    32.194] (II) config/udev: Adding input device AT Translated Set 2 keyboard (/dev/input/event2)
[    32.194] (**) AT Translated Set 2 keyboard: Applying InputClass "libinput keyboard catchall"
[    32.194] (II) Using input driver 'libinput' for 'AT Translated Set 2 keyboard'
[    32.199] (II) systemd-logind: got fd for /dev/input/event2 13:66 fd 27 paused 0
[    32.199] (**) AT Translated Set 2 keyboard: always reports core events
[    32.199] (**) Option "Device" "/dev/input/event2"
[    32.199] (**) Option "_source" "server/udev"
[    32.199] (II) event2  - AT Translated Set 2 keyboard: is tagged by udev as: Keyboard
[    32.199] (II) event2  - AT Translated Set 2 keyboard: device is a keyboard
[    32.200] (II) event2  - AT Translated Set 2 keyboard: device removed
[    32.200] (**) Option "config_info" "udev:/sys/devices/platform/i8042/serio0/input/input2/event2"
[    32.200] (II) XINPUT: Adding extended input device "AT Translated Set 2 keyboard" (type: KEYBOARD, id 11)
[    32.200] (**) Option "xkb_model" "pc105"
[    32.200] (**) Option "xkb_layout" "us"
[    32.201] (II) event2  - AT Translated Set 2 keyboard: is tagged by udev as: Keyboard
[    32.201] (II) event2  - AT Translated Set 2 keyboard: device is a keyboard
[    32.202] (II) config/udev: Adding input device ImExPS/2 Generic Explorer Mouse (/dev/input/event4)
[    32.202] (**) ImExPS/2 Generic Explorer Mouse: Applying InputClass "libinput pointer catchall"
[    32.202] (II) Using input driver 'libinput' for 'ImExPS/2 Generic Explorer Mouse'
[    32.204] (II) systemd-logind: got fd for /dev/input/event4 13:68 fd 28 paused 0
[    32.204] (**) ImExPS/2 Generic Explorer Mouse: always reports core events
[    32.204] (**) Option "Device" "/dev/input/event4"
[    32.204] (**) Option "_source" "server/udev"
[    32.205] (II) event4  - ImExPS/2 Generic Explorer Mouse: is tagged by udev as: Mouse
[    32.205] (II) event4  - ImExPS/2 Generic Explorer Mouse: device is a pointer
[    32.205] (II) event4  - ImExPS/2 Generic Explorer Mouse: device removed
[    32.205] (**) Option "config_info" "udev:/sys/devices/platform/i8042/serio1/input/input5/event4"
[    32.206] (II) XINPUT: Adding extended input device "ImExPS/2 Generic Explorer Mouse" (type: MOUSE, id 12)
[    32.206] (**) Option "AccelerationScheme" "none"
[    32.206] (**) ImExPS/2 Generic Explorer Mouse: (accel) selected scheme none/0
[    32.206] (**) ImExPS/2 Generic Explorer Mouse: (accel) acceleration factor: 2.000
[    32.206] (**) ImExPS/2 Generic Explorer Mouse: (accel) acceleration threshold: 4
[    32.207] (II) event4  - ImExPS/2 Generic Explorer Mouse: is tagged by udev as: Mouse
[    32.207] (II) event4  - ImExPS/2 Generic Explorer Mouse: device is a pointer
[    32.207] (II) config/udev: Adding input device ImExPS/2 Generic Explorer Mouse (/dev/input/mouse0)
[    32.207] (II) No input driver specified, ignoring this device.
[    32.207] (II) This device may have been added with another device file.
[    37.508] (II) modeset(0): EDID vendor "VBX", prod id 0
[    37.508] (II) modeset(0): DDCModeFromDetailedTiming: 1008x846 Warning: We only handle separate sync.
[    37.508] (II) modeset(0): Using EDID range info for horizontal sync
[    37.508] (II) modeset(0): Using EDID range info for vertical refresh
[    86.201] (EE) client bug: timer event4 debounce: offset negative (-268ms)
[    86.216] (EE) client bug: timer event4 debounce: offset negative (-204ms)
[    86.216] (EE) client bug: timer event4 debounce short: offset negative (-217ms)
[   734.101] (II) modeset(0): EDID vendor "VBX", prod id 0
[   734.170] (II) modeset(0): DDCModeFromDetailedTiming: 1920x976 Warning: We only handle separate sync.
[   734.170] (II) modeset(0): Using hsync ranges from config file
[   734.171] (II) modeset(0): Using vrefresh ranges from config file
[   734.734] (II) modeset(0): Allocate new frame buffer 1920x976 stride
[   735.090] (II) modeset(0): EDID vendor "VBX", prod id 0
[   735.090] (II) modeset(0): DDCModeFromDetailedTiming: 1008x846 Warning: We only handle separate sync.
[   735.090] (II) modeset(0): Using hsync ranges from config file
[   735.090] (II) modeset(0): Using vrefresh ranges from config file
[   735.270] (II) modeset(0): EDID vendor "VBX", prod id 0
[   735.270] (II) modeset(0): DDCModeFromDetailedTiming: 1008x846 Warning: We only handle separate sync.
[   735.270] (II) modeset(0): Using hsync ranges from config file
[   735.271] (II) modeset(0): Using vrefresh ranges from config file
[   736.408] (II) modeset(0): Allocate new frame buffer 1008x846 stride
[   736.414] (II) modeset(0): EDID vendor "VBX", prod id 0
[   736.414] (II) modeset(0): DDCModeFromDetailedTiming: 1008x846 Warning: We only handle separate sync.
[   736.415] (II) modeset(0): Using hsync ranges from config file
[   736.415] (II) modeset(0): Using vrefresh ranges from config file
[  1553.310] (II) modeset(0): EDID vendor "VBX", prod id 0
[  1553.310] (II) modeset(0): DDCModeFromDetailedTiming: 1008x845 Warning: We only handle separate sync.
[  1553.310] (II) modeset(0): Using hsync ranges from config file
[  1553.310] (II) modeset(0): Using vrefresh ranges from config file
[  1553.335] (II) modeset(0): Allocate new frame buffer 1008x845 stride
[  1553.579] (II) modeset(0): EDID vendor "VBX", prod id 0
[  1553.580] (II) modeset(0): DDCModeFromDetailedTiming: 1008x845 Warning: We only handle separate sync.
[  1553.580] (II) modeset(0): Using hsync ranges from config file
[  1553.580] (II) modeset(0): Using vrefresh ranges from config file
