[2018-06-25 08:26:35.521] [exthost1] [info] extension host started
[2018-06-25 08:26:35.658] [exthost1] [info] ExtensionService#_doActivateExtension vscode.emmet {"startup":true,"activationEvent":"*"}
[2018-06-25 08:26:35.658] [exthost1] [info] ExtensionService#loadCommonJSModule /snap/vscode/37/usr/share/code/resources/app/extensions/emmet/out/extension
[2018-06-25 08:26:35.932] [exthost1] [info] ExtensionService#_doActivateExtension vscode.git {"startup":true,"activationEvent":"*"}
[2018-06-25 08:26:35.932] [exthost1] [info] ExtensionService#loadCommonJSModule /snap/vscode/37/usr/share/code/resources/app/extensions/git/out/main
[2018-06-25 08:26:36.988] [exthost1] [info] ExtensionService#_doActivateExtension vscode.merge-conflict {"startup":true,"activationEvent":"*"}
[2018-06-25 08:26:36.988] [exthost1] [info] ExtensionService#loadCommonJSModule /snap/vscode/37/usr/share/code/resources/app/extensions/merge-conflict/out/extension
[2018-06-25 08:26:37.028] [exthost1] [info] eager extensions activated
[2018-06-25 08:28:39.408] [exthost1] [info] extension host started
[2018-06-25 08:28:39.738] [exthost1] [info] ExtensionService#_doActivateExtension vscode.emmet {"startup":true,"activationEvent":"*"}
[2018-06-25 08:28:39.738] [exthost1] [info] ExtensionService#loadCommonJSModule /snap/vscode/37/usr/share/code/resources/app/extensions/emmet/out/extension
[2018-06-25 08:28:39.866] [exthost1] [info] ExtensionService#_doActivateExtension vscode.git {"startup":true,"activationEvent":"*"}
[2018-06-25 08:28:39.866] [exthost1] [info] ExtensionService#loadCommonJSModule /snap/vscode/37/usr/share/code/resources/app/extensions/git/out/main
[2018-06-25 08:28:40.151] [exthost1] [info] ExtensionService#_doActivateExtension vscode.merge-conflict {"startup":true,"activationEvent":"*"}
[2018-06-25 08:28:40.151] [exthost1] [info] ExtensionService#loadCommonJSModule /snap/vscode/37/usr/share/code/resources/app/extensions/merge-conflict/out/extension
[2018-06-25 08:28:40.205] [exthost1] [info] eager extensions activated
[2018-06-25 08:29:08.683] [exthost1] [info] ExtensionService#_doActivateExtension vscode.html-language-features {"startup":false,"activationEvent":"onLanguage:html"}
[2018-06-25 08:29:08.683] [exthost1] [info] ExtensionService#loadCommonJSModule /snap/vscode/37/usr/share/code/resources/app/extensions/html-language-features/client/out/htmlMain
[2018-06-25 08:37:03.659] [exthost1] [info] ExtensionService#_doActivateExtension vscode.typescript-language-features {"startup":false,"activationEvent":"onLanguage:javascript"}
[2018-06-25 08:37:03.659] [exthost1] [info] ExtensionService#loadCommonJSModule /snap/vscode/37/usr/share/code/resources/app/extensions/typescript-language-features/out/extension
